\BOOKMARK [1][-]{section.1}{\376\377\225\356\230\230\221\315\217\360}{}% 1
\BOOKMARK [2][-]{subsection.1.1}{\376\377\225\356\230\230\200\314\146\157}{section.1}% 2
\BOOKMARK [2][-]{subsection.1.2}{\376\377\227\000\211\201\211\343\121\263\166\204\225\356\230\230}{section.1}% 3
\BOOKMARK [1][-]{section.2}{\376\377\225\356\230\230\122\006\147\220}{}% 4
\BOOKMARK [2][-]{subsection.2.1}{\376\377\136\372\172\313\131\032\126\340\175\040\137\161\124\315\116\013\166\204\176\317\155\116\130\236\225\177\152\041\127\213}{section.2}% 5
\BOOKMARK [2][-]{subsection.2.2}{\376\377\217\320\165\050\116\345\116\012\152\041\127\213\211\343\121\263\116\000\174\373\122\027\133\236\226\105\225\356\230\230}{section.2}% 6
\BOOKMARK [3][-]{subsubsection.2.2.1}{\376\377\230\204\155\113\147\052\147\145\0002\0000\136\164\145\131\200\262\154\064\136\163\117\032\131\202\117\125\133\371\116\055\126\375\176\317\155\116\130\236\225\177\116\247\165\037\137\161\124\315}{subsection.2.2}% 7
\BOOKMARK [3][-]{subsubsection.2.2.2}{\376\377\147\052\147\145\166\204\176\317\155\116\130\236\225\177\163\207\142\026\145\066\121\145\154\064\136\163\117\032\146\057\131\032\134\021\377\037}{subsection.2.2}% 8
\BOOKMARK [3][-]{subsubsection.2.2.3}{\376\377\147\052\147\145\0002\0000\136\164\116\272\127\107\176\317\155\116\130\236\225\177\136\164\127\107\116\072\000\040\0007\000\045\000\040\146\057\124\046\123\357\210\114}{subsection.2.2}% 9
\BOOKMARK [3][-]{subsubsection.2.2.4}{\376\377\124\021\145\077\136\234\136\372\212\000\163\056\173\126}{subsection.2.2}% 10
\BOOKMARK [1][-]{section.3}{\376\377\152\041\127\213\120\107\213\276}{}% 11
\BOOKMARK [1][-]{section.4}{\376\377\152\041\127\213\116\073\211\201\123\330\221\317\173\046\123\367\123\312\124\053\116\111}{}% 12
\BOOKMARK [1][-]{section.5}{\376\377\152\041\127\213\136\372\172\313}{}% 13
\BOOKMARK [2][-]{subsection.5.1}{\376\377\220\011\123\326\124\010\220\002\166\204\123\330\221\317}{section.5}% 14
\BOOKMARK [3][-]{subsubsection.5.1.1}{\376\377\176\317\155\116\130\236\225\177\215\167\160\271}{subsection.5.1}% 15
\BOOKMARK [3][-]{subsubsection.5.1.2}{\376\377\122\263\122\250\116\272\123\343\211\304\152\041}{subsection.5.1}% 16
\BOOKMARK [3][-]{subsubsection.5.1.3}{\376\377\215\104\156\220\171\200\215\113}{subsection.5.1}% 17
\BOOKMARK [3][-]{subsubsection.5.1.4}{\376\377\145\131\200\262}{subsection.5.1}% 18
\BOOKMARK [3][-]{subsubsection.5.1.5}{\376\377\121\166\116\326\126\340\175\040}{subsection.5.1}% 19
\BOOKMARK [2][-]{subsection.5.2}{\376\377\122\051\165\050\116\011\153\041\150\067\147\141\143\322\120\074\154\325\210\145\121\105\145\160\143\156}{section.5}% 20
\BOOKMARK [2][-]{subsection.5.3}{\376\377\122\051\165\050\161\265\147\103\154\325\213\241\173\227\147\103\221\315}{section.5}% 21
\BOOKMARK [2][-]{subsection.5.4}{\376\377\136\372\172\313\131\032\121\103\176\277\140\047\126\336\137\122\152\041\127\213}{section.5}% 22
\BOOKMARK [2][-]{subsection.5.5}{\376\377\116\345\000Y\0002\116\072\126\340\123\330\221\317}{section.5}% 23
\BOOKMARK [1][-]{section.6}{\376\377\152\041\127\213\166\204\150\300\232\214\116\016\117\356\153\143}{}% 24
\BOOKMARK [2][-]{subsection.6.1}{\376\377\137\002\145\271\135\356\150\300\232\214}{section.6}% 25
\BOOKMARK [2][-]{subsection.6.2}{\376\377\146\076\204\127\140\047\150\300\232\214}{section.6}% 26
\BOOKMARK [2][-]{subsection.6.3}{\376\377\133\371\116\216\116\012\217\360\123\330\221\317\146\076\204\127\140\047\150\300\232\214\176\323\147\234\166\204\122\006\147\220}{section.6}% 27
\BOOKMARK [2][-]{subsection.6.4}{\376\377\131\032\221\315\121\161\176\277\140\047\150\300\232\214}{section.6}% 28
\BOOKMARK [2][-]{subsection.6.5}{\376\377\201\352\123\330\221\317\166\204\221\315\145\260\200\003\206\121\116\016\173\133\220\011}{section.6}% 29
\BOOKMARK [2][-]{subsection.6.6}{\376\377\134\017\176\323}{section.6}% 30
\BOOKMARK [2][-]{subsection.6.7}{\376\377\000Y\0002\116\016\000Y\0003\116\072\126\340\123\330\221\317\166\204\152\041\127\213\150\300\232\214\116\016\117\356\153\143}{section.6}% 31
\BOOKMARK [1][-]{section.7}{\376\377\152\041\127\213\154\102\211\343}{}% 32
\BOOKMARK [2][-]{subsection.7.1}{\376\377\136\372\172\313\000Y\0001\060\001\000Y\0002\226\217\145\366\225\364\123\330\123\026\166\204\176\277\140\047\126\336\137\122\145\271\172\013}{section.7}% 33
\BOOKMARK [1][-]{section.8}{\376\377\152\041\127\213\213\304\116\367}{}% 34
\BOOKMARK [2][-]{subsection.8.1}{\376\377\117\030\160\271}{section.8}% 35
\BOOKMARK [2][-]{subsection.8.2}{\376\377\177\072\160\271}{section.8}% 36
\BOOKMARK [2][-]{subsection.8.3}{\376\377\145\071\217\333\145\271\154\325}{section.8}% 37
\BOOKMARK [1][-]{section.9}{\376\377\176\331\145\077\136\234\166\204\136\372\213\256}{}% 38
